[debug] [2024-09-12T16:05:49.553Z] ----------------------------------------------------------------------
[debug] [2024-09-12T16:05:49.557Z] Command:       C:\Program Files\nodejs\node.exe C:\Users\LENOVO\AppData\Roaming\npm\node_modules\firebase-tools\lib\bin\firebase.js init
[debug] [2024-09-12T16:05:49.557Z] CLI Version:   13.17.0
[debug] [2024-09-12T16:05:49.558Z] Platform:      win32
[debug] [2024-09-12T16:05:49.558Z] Node Version:  v20.17.0
[debug] [2024-09-12T16:05:49.558Z] Time:          Thu Sep 12 2024 17:05:49 GMT+0100 (West Africa Standard Time)
[debug] [2024-09-12T16:05:49.558Z] ----------------------------------------------------------------------
[debug] 
[debug] [2024-09-12T16:05:49.565Z] > command requires scopes: ["email","openid","https://www.googleapis.com/auth/cloudplatformprojects.readonly","https://www.googleapis.com/auth/firebase","https://www.googleapis.com/auth/cloud-platform"]
[debug] [2024-09-12T16:05:49.566Z] > authorizing via signed-in user (adem.ng123@gmail.com)
[info] 
     ######## #### ########  ######## ########     ###     ######  ########
     ##        ##  ##     ## ##       ##     ##  ##   ##  ##       ##
     ######    ##  ########  ######   ########  #########  ######  ######
     ##        ##  ##    ##  ##       ##     ## ##     ##       ## ##
     ##       #### ##     ## ######## ########  ##     ##  ######  ########

You're about to initialize a Firebase project in this directory:

  C:\Users\LENOVO\Downloads\ez\new-chat-app

[info] 
=== Project Setup
[info] 
[info] First, let's associate this project directory with a Firebase project.
[info] You can create multiple project aliases by running firebase use --add, 
[info] but for now we'll just set up a default project.
[info] 
